# JRE version: Java(TM) SE Runtime Environment (22.0+36) (build 22+36-2370)
# Java VM: Java HotSpot(TM) 64-Bit Server VM (22+36-2370, mixed mode, emulated-client, sharing, tiered, compressed oops, compressed class ptrs, g1 gc, windows-amd64)
GC Precious Log:
 CardTable entry size: 512
 Card Set container configuration: InlinePtr #cards 5 size 8 Array Of Cards #cards 12 size 40 Howl #buckets 4 coarsen threshold 1843 Howl Bitmap #cards 512 size 80 coarsen threshold 460 Card regions per heap region 1 cards per card region 2048
 CPUs: 8 total, 8 available
 Memory: 8029M
 Large Page Support: Disabled
 NUMA Support: Disabled
 Compressed Oops: Enabled (32-bit)
 Heap Region Size: 1M
 Heap Min Capacity: 8M
 Heap Initial Capacity: 126M
 Heap Max Capacity: 2008M
 Pre-touch: Disabled
 Parallel Workers: 8
 Concurrent Workers: 2
 Concurrent Refinement Workers: 8
 Periodic GC: Disabled
Heap:
 garbage-first heap   total reserved 2056192K, committed 176128K, used 40398K [0x0000000082800000, 0x0000000100000000)
  region size 1024K, 3 young (3072K), 3 survivors (3072K)
 Metaspace       used 80574K, committed 81536K, reserved 1179648K
  class space    used 11554K, committed 11968K, reserved 1048576K
GC Heap History (20 events):
Event: 741.553 GC heap after
{Heap after GC invocations=171 (full 1):
 garbage-first heap   total reserved 2056192K, committed 133120K, used 38448K [0x0000000082800000, 0x0000000100000000)
  region size 1024K, 1 young (1024K), 1 survivors (1024K)
 Metaspace       used 80561K, committed 81536K, reserved 1179648K
  class space    used 11551K, committed 11968K, reserved 1048576K
}
Event: 741.666 GC heap before
{Heap before GC invocations=171 (full 1):
 garbage-first heap   total reserved 2056192K, committed 133120K, used 117296K [0x0000000082800000, 0x0000000100000000)
  region size 1024K, 78 young (79872K), 1 survivors (1024K)
 Metaspace       used 80561K, committed 81536K, reserved 1179648K
  class space    used 11551K, committed 11968K, reserved 1048576K
}
Event: 741.668 GC heap after
{Heap after GC invocations=172 (full 1):
 garbage-first heap   total reserved 2056192K, committed 209920K, used 38318K [0x0000000082800000, 0x0000000100000000)
  region size 1024K, 1 young (1024K), 1 survivors (1024K)
 Metaspace       used 80561K, committed 81536K, reserved 1179648K
  class space    used 11551K, committed 11968K, reserved 1048576K
}
Event: 741.736 GC heap before
{Heap before GC invocations=172 (full 1):
 garbage-first heap   total reserved 2056192K, committed 209920K, used 72110K [0x0000000082800000, 0x0000000100000000)
  region size 1024K, 36 young (36864K), 1 survivors (1024K)
 Metaspace       used 80561K, committed 81536K, reserved 1179648K
  class space    used 11551K, committed 11968K, reserved 1048576K
}
Event: 741.738 GC heap after
{Heap after GC invocations=173 (full 1):
 garbage-first heap   total reserved 2056192K, committed 209920K, used 38784K [0x0000000082800000, 0x0000000100000000)
  region size 1024K, 1 young (1024K), 1 survivors (1024K)
 Metaspace       used 80561K, committed 81536K, reserved 1179648K
  class space    used 11551K, committed 11968K, reserved 1048576K
}
Event: 1025.275 GC heap before
{Heap before GC invocations=174 (full 1):
 garbage-first heap   total reserved 2056192K, committed 137216K, used 119680K [0x0000000082800000, 0x0000000100000000)
  region size 1024K, 80 young (81920K), 1 survivors (1024K)
 Metaspace       used 80561K, committed 81536K, reserved 1179648K
  class space    used 11551K, committed 11968K, reserved 1048576K
}
Event: 1025.280 GC heap after
{Heap after GC invocations=175 (full 1):
 garbage-first heap   total reserved 2056192K, committed 137216K, used 38166K [0x0000000082800000, 0x0000000100000000)
  region size 1024K, 1 young (1024K), 1 survivors (1024K)
 Metaspace       used 80561K, committed 81536K, reserved 1179648K
  class space    used 11551K, committed 11968K, reserved 1048576K
}
Event: 1316.335 GC heap before
{Heap before GC invocations=175 (full 1):
 garbage-first heap   total reserved 2056192K, committed 137216K, used 119062K [0x0000000082800000, 0x0000000100000000)
  region size 1024K, 80 young (81920K), 1 survivors (1024K)
 Metaspace       used 80561K, committed 81536K, reserved 1179648K
  class space    used 11551K, committed 11968K, reserved 1048576K
}
Event: 1316.345 GC heap after
{Heap after GC invocations=176 (full 1):
 garbage-first heap   total reserved 2056192K, committed 137216K, used 37932K [0x0000000082800000, 0x0000000100000000)
  region size 1024K, 1 young (1024K), 1 survivors (1024K)
 Metaspace       used 80561K, committed 81536K, reserved 1179648K
  class space    used 11551K, committed 11968K, reserved 1048576K
}
Event: 1554.345 GC heap before
{Heap before GC invocations=176 (full 1):
 garbage-first heap   total reserved 2056192K, committed 137216K, used 117804K [0x0000000082800000, 0x0000000100000000)
  region size 1024K, 80 young (81920K), 1 survivors (1024K)
 Metaspace       used 80574K, committed 81536K, reserved 1179648K
  class space    used 11554K, committed 11968K, reserved 1048576K
}
Event: 1554.349 GC heap after
{Heap after GC invocations=177 (full 1):
 garbage-first heap   total reserved 2056192K, committed 137216K, used 39114K [0x0000000082800000, 0x0000000100000000)
  region size 1024K, 2 young (2048K), 2 survivors (2048K)
 Metaspace       used 80574K, committed 81536K, reserved 1179648K
  class space    used 11554K, committed 11968K, reserved 1048576K
}
Event: 1554.528 GC heap before
{Heap before GC invocations=178 (full 1):
 garbage-first heap   total reserved 2056192K, committed 137216K, used 117962K [0x0000000082800000, 0x0000000100000000)
  region size 1024K, 80 young (81920K), 2 survivors (2048K)
 Metaspace       used 80574K, committed 81536K, reserved 1179648K
  class space    used 11554K, committed 11968K, reserved 1048576K
}
Event: 1554.530 GC heap after
{Heap after GC invocations=179 (full 1):
 garbage-first heap   total reserved 2056192K, committed 137216K, used 39237K [0x0000000082800000, 0x0000000100000000)
  region size 1024K, 2 young (2048K), 2 survivors (2048K)
 Metaspace       used 80574K, committed 81536K, reserved 1179648K
  class space    used 11554K, committed 11968K, reserved 1048576K
}
Event: 1554.595 GC heap before
{Heap before GC invocations=179 (full 1):
 garbage-first heap   total reserved 2056192K, committed 137216K, used 118085K [0x0000000082800000, 0x0000000100000000)
  region size 1024K, 80 young (81920K), 2 survivors (2048K)
 Metaspace       used 80574K, committed 81536K, reserved 1179648K
  class space    used 11554K, committed 11968K, reserved 1048576K
}
Event: 1554.598 GC heap after
{Heap after GC invocations=180 (full 1):
 garbage-first heap   total reserved 2056192K, committed 137216K, used 39707K [0x0000000082800000, 0x0000000100000000)
  region size 1024K, 2 young (2048K), 2 survivors (2048K)
 Metaspace       used 80574K, committed 81536K, reserved 1179648K
  class space    used 11554K, committed 11968K, reserved 1048576K
}
Event: 1554.863 GC heap before
{Heap before GC invocations=180 (full 1):
 garbage-first heap   total reserved 2056192K, committed 137216K, used 118555K [0x0000000082800000, 0x0000000100000000)
  region size 1024K, 80 young (81920K), 2 survivors (2048K)
 Metaspace       used 80574K, committed 81536K, reserved 1179648K
  class space    used 11554K, committed 11968K, reserved 1048576K
}
Event: 1554.866 GC heap after
{Heap after GC invocations=181 (full 1):
 garbage-first heap   total reserved 2056192K, committed 137216K, used 39570K [0x0000000082800000, 0x0000000100000000)
  region size 1024K, 2 young (2048K), 2 survivors (2048K)
 Metaspace       used 80574K, committed 81536K, reserved 1179648K
  class space    used 11554K, committed 11968K, reserved 1048576K
}
Event: 1554.970 GC heap before
{Heap before GC invocations=182 (full 1):
 garbage-first heap   total reserved 2056192K, committed 137216K, used 118418K [0x0000000082800000, 0x0000000100000000)
  region size 1024K, 80 young (81920K), 2 survivors (2048K)
 Metaspace       used 80574K, committed 81536K, reserved 1179648K
  class space    used 11554K, committed 11968K, reserved 1048576K
}
Event: 1554.973 GC heap after
{Heap after GC invocations=183 (full 1):
 garbage-first heap   total reserved 2056192K, committed 137216K, used 40423K [0x0000000082800000, 0x0000000100000000)
  region size 1024K, 3 young (3072K), 3 survivors (3072K)
 Metaspace       used 80574K, committed 81536K, reserved 1179648K
  class space    used 11554K, committed 11968K, reserved 1048576K
}
Event: 1555.045 GC heap before
{Heap before GC invocations=183 (full 1):
 garbage-first heap   total reserved 2056192K, committed 137216K, used 118247K [0x0000000082800000, 0x0000000100000000)
  region size 1024K, 80 young (81920K), 3 survivors (3072K)
 Metaspace       used 80574K, committed 81536K, reserved 1179648K
  class space    used 11554K, committed 11968K, reserved 1048576K
}

