# JRE version: Java(TM) SE Runtime Environment (22.0+36) (build 22+36-2370)
# Java VM: Java HotSpot(TM) 64-Bit Server VM (22+36-2370, mixed mode, emulated-client, sharing, tiered, compressed oops, compressed class ptrs, g1 gc, windows-amd64)
GC Precious Log:
 CardTable entry size: 512
 Card Set container configuration: InlinePtr #cards 5 size 8 Array Of Cards #cards 12 size 40 Howl #buckets 4 coarsen threshold 1843 Howl Bitmap #cards 512 size 80 coarsen threshold 460 Card regions per heap region 1 cards per card region 2048
 CPUs: 8 total, 8 available
 Memory: 8029M
 Large Page Support: Disabled
 NUMA Support: Disabled
 Compressed Oops: Enabled (32-bit)
 Heap Region Size: 1M
 Heap Min Capacity: 8M
 Heap Initial Capacity: 126M
 Heap Max Capacity: 2008M
 Pre-touch: Disabled
 Parallel Workers: 8
 Concurrent Workers: 2
 Concurrent Refinement Workers: 8
 Periodic GC: Disabled
Heap:
 garbage-first heap   total reserved 2056192K, committed 150528K, used 43430K [0x0000000082800000, 0x0000000100000000)
  region size 1024K, 1 young (1024K), 1 survivors (1024K)
 Metaspace       used 87892K, committed 88832K, reserved 1179648K
  class space    used 12462K, committed 12864K, reserved 1048576K
GC Heap History (20 events):
Event: 2299.290 GC heap after
{Heap after GC invocations=222 (full 2):
 garbage-first heap   total reserved 2056192K, committed 157696K, used 44920K [0x0000000082800000, 0x0000000100000000)
  region size 1024K, 2 young (2048K), 2 survivors (2048K)
 Metaspace       used 87882K, committed 88832K, reserved 1179648K
  class space    used 12459K, committed 12864K, reserved 1048576K
}
Event: 2299.340 GC heap before
{Heap before GC invocations=223 (full 2):
 garbage-first heap   total reserved 2056192K, committed 157696K, used 136056K [0x0000000082800000, 0x0000000100000000)
  region size 1024K, 92 young (94208K), 2 survivors (2048K)
 Metaspace       used 87882K, committed 88832K, reserved 1179648K
  class space    used 12459K, committed 12864K, reserved 1048576K
}
Event: 2299.342 GC heap after
{Heap after GC invocations=224 (full 2):
 garbage-first heap   total reserved 2056192K, committed 265216K, used 44906K [0x0000000082800000, 0x0000000100000000)
  region size 1024K, 2 young (2048K), 2 survivors (2048K)
 Metaspace       used 87882K, committed 88832K, reserved 1179648K
  class space    used 12459K, committed 12864K, reserved 1048576K
}
Event: 2299.425 GC heap before
{Heap before GC invocations=224 (full 2):
 garbage-first heap   total reserved 2056192K, committed 265216K, used 200554K [0x0000000082800000, 0x0000000100000000)
  region size 1024K, 155 young (158720K), 2 survivors (2048K)
 Metaspace       used 87882K, committed 88832K, reserved 1179648K
  class space    used 12459K, committed 12864K, reserved 1048576K
}
Event: 2299.427 GC heap after
{Heap after GC invocations=225 (full 2):
 garbage-first heap   total reserved 2056192K, committed 265216K, used 44820K [0x0000000082800000, 0x0000000100000000)
  region size 1024K, 2 young (2048K), 2 survivors (2048K)
 Metaspace       used 87882K, committed 88832K, reserved 1179648K
  class space    used 12459K, committed 12864K, reserved 1048576K
}
Event: 2299.634 GC heap before
{Heap before GC invocations=225 (full 2):
 garbage-first heap   total reserved 2056192K, committed 265216K, used 203540K [0x0000000082800000, 0x0000000100000000)
  region size 1024K, 155 young (158720K), 2 survivors (2048K)
 Metaspace       used 87882K, committed 88832K, reserved 1179648K
  class space    used 12459K, committed 12864K, reserved 1048576K
}
Event: 2299.637 GC heap after
{Heap after GC invocations=226 (full 2):
 garbage-first heap   total reserved 2056192K, committed 265216K, used 44102K [0x0000000082800000, 0x0000000100000000)
  region size 1024K, 1 young (1024K), 1 survivors (1024K)
 Metaspace       used 87882K, committed 88832K, reserved 1179648K
  class space    used 12459K, committed 12864K, reserved 1048576K
}
Event: 2299.833 GC heap before
{Heap before GC invocations=226 (full 2):
 garbage-first heap   total reserved 2056192K, committed 265216K, used 200774K [0x0000000082800000, 0x0000000100000000)
  region size 1024K, 155 young (158720K), 1 survivors (1024K)
 Metaspace       used 87882K, committed 88832K, reserved 1179648K
  class space    used 12459K, committed 12864K, reserved 1048576K
}
Event: 2299.835 GC heap after
{Heap after GC invocations=227 (full 2):
 garbage-first heap   total reserved 2056192K, committed 265216K, used 44104K [0x0000000082800000, 0x0000000100000000)
  region size 1024K, 1 young (1024K), 1 survivors (1024K)
 Metaspace       used 87882K, committed 88832K, reserved 1179648K
  class space    used 12459K, committed 12864K, reserved 1048576K
}
Event: 2299.979 GC heap before
{Heap before GC invocations=228 (full 2):
 garbage-first heap   total reserved 2056192K, committed 150528K, used 132168K [0x0000000082800000, 0x0000000100000000)
  region size 1024K, 88 young (90112K), 1 survivors (1024K)
 Metaspace       used 87882K, committed 88832K, reserved 1179648K
  class space    used 12459K, committed 12864K, reserved 1048576K
}
Event: 2299.981 GC heap after
{Heap after GC invocations=229 (full 2):
 garbage-first heap   total reserved 2056192K, committed 150528K, used 44086K [0x0000000082800000, 0x0000000100000000)
  region size 1024K, 1 young (1024K), 1 survivors (1024K)
 Metaspace       used 87882K, committed 88832K, reserved 1179648K
  class space    used 12459K, committed 12864K, reserved 1048576K
}
Event: 2301.261 GC heap before
{Heap before GC invocations=229 (full 2):
 garbage-first heap   total reserved 2056192K, committed 150528K, used 134198K [0x0000000082800000, 0x0000000100000000)
  region size 1024K, 88 young (90112K), 1 survivors (1024K)
 Metaspace       used 87883K, committed 88832K, reserved 1179648K
  class space    used 12459K, committed 12864K, reserved 1048576K
}
Event: 2301.264 GC heap after
{Heap after GC invocations=230 (full 2):
 garbage-first heap   total reserved 2056192K, committed 150528K, used 42746K [0x0000000082800000, 0x0000000100000000)
  region size 1024K, 1 young (1024K), 1 survivors (1024K)
 Metaspace       used 87883K, committed 88832K, reserved 1179648K
  class space    used 12459K, committed 12864K, reserved 1048576K
}
Event: 2304.222 GC heap before
{Heap before GC invocations=230 (full 2):
 garbage-first heap   total reserved 2056192K, committed 150528K, used 130810K [0x0000000082800000, 0x0000000100000000)
  region size 1024K, 88 young (90112K), 1 survivors (1024K)
 Metaspace       used 87892K, committed 88832K, reserved 1179648K
  class space    used 12462K, committed 12864K, reserved 1048576K
}
Event: 2304.225 GC heap after
{Heap after GC invocations=231 (full 2):
 garbage-first heap   total reserved 2056192K, committed 150528K, used 43264K [0x0000000082800000, 0x0000000100000000)
  region size 1024K, 1 young (1024K), 1 survivors (1024K)
 Metaspace       used 87892K, committed 88832K, reserved 1179648K
  class space    used 12462K, committed 12864K, reserved 1048576K
}
Event: 2304.349 GC heap before
{Heap before GC invocations=232 (full 2):
 garbage-first heap   total reserved 2056192K, committed 150528K, used 131328K [0x0000000082800000, 0x0000000100000000)
  region size 1024K, 88 young (90112K), 1 survivors (1024K)
 Metaspace       used 87892K, committed 88832K, reserved 1179648K
  class space    used 12462K, committed 12864K, reserved 1048576K
}
Event: 2304.351 GC heap after
{Heap after GC invocations=233 (full 2):
 garbage-first heap   total reserved 2056192K, committed 150528K, used 43209K [0x0000000082800000, 0x0000000100000000)
  region size 1024K, 1 young (1024K), 1 survivors (1024K)
 Metaspace       used 87892K, committed 88832K, reserved 1179648K
  class space    used 12462K, committed 12864K, reserved 1048576K
}
Event: 2304.430 GC heap before
{Heap before GC invocations=233 (full 2):
 garbage-first heap   total reserved 2056192K, committed 150528K, used 131273K [0x0000000082800000, 0x0000000100000000)
  region size 1024K, 88 young (90112K), 1 survivors (1024K)
 Metaspace       used 87892K, committed 88832K, reserved 1179648K
  class space    used 12462K, committed 12864K, reserved 1048576K
}
Event: 2304.432 GC heap after
{Heap after GC invocations=234 (full 2):
 garbage-first heap   total reserved 2056192K, committed 150528K, used 42924K [0x0000000082800000, 0x0000000100000000)
  region size 1024K, 1 young (1024K), 1 survivors (1024K)
 Metaspace       used 87892K, committed 88832K, reserved 1179648K
  class space    used 12462K, committed 12864K, reserved 1048576K
}
Event: 2304.491 GC heap before
{Heap before GC invocations=234 (full 2):
 garbage-first heap   total reserved 2056192K, committed 150528K, used 113580K [0x0000000082800000, 0x0000000100000000)
  region size 1024K, 72 young (73728K), 1 survivors (1024K)
 Metaspace       used 87892K, committed 88832K, reserved 1179648K
  class space    used 12462K, committed 12864K, reserved 1048576K
}

