# JRE version: Java(TM) SE Runtime Environment (22.0+36) (build 22+36-2370)
# Java VM: Java HotSpot(TM) 64-Bit Server VM (22+36-2370, mixed mode, emulated-client, sharing, tiered, compressed oops, compressed class ptrs, g1 gc, windows-amd64)
GC Precious Log:
 CardTable entry size: 512
 Card Set container configuration: InlinePtr #cards 5 size 8 Array Of Cards #cards 12 size 40 Howl #buckets 4 coarsen threshold 1843 Howl Bitmap #cards 512 size 80 coarsen threshold 460 Card regions per heap region 1 cards per card region 2048
 CPUs: 8 total, 8 available
 Memory: 8029M
 Large Page Support: Disabled
 NUMA Support: Disabled
 Compressed Oops: Enabled (32-bit)
 Heap Region Size: 1M
 Heap Min Capacity: 8M
 Heap Initial Capacity: 126M
 Heap Max Capacity: 2008M
 Pre-touch: Disabled
 Parallel Workers: 8
 Concurrent Workers: 2
 Concurrent Refinement Workers: 8
 Periodic GC: Disabled
Heap:
 garbage-first heap   total reserved 2056192K, committed 171008K, used 57523K [0x0000000082800000, 0x0000000100000000)
  region size 1024K, 7 young (7168K), 7 survivors (7168K)
 Metaspace       used 124550K, committed 125952K, reserved 1179648K
  class space    used 16538K, committed 17216K, reserved 1048576K
GC Heap History (20 events):
Event: 2006.006 GC heap after
{Heap after GC invocations=194 (full 31):
 garbage-first heap   total reserved 2056192K, committed 171008K, used 55867K [0x0000000082800000, 0x0000000100000000)
  region size 1024K, 7 young (7168K), 7 survivors (7168K)
 Metaspace       used 120443K, committed 121728K, reserved 1179648K
  class space    used 16139K, committed 16768K, reserved 1048576K
}
Event: 2015.079 GC heap before
{Heap before GC invocations=195 (full 31):
 garbage-first heap   total reserved 2056192K, committed 171008K, used 151099K [0x0000000082800000, 0x0000000100000000)
  region size 1024K, 100 young (102400K), 7 survivors (7168K)
 Metaspace       used 120957K, committed 122240K, reserved 1179648K
  class space    used 16170K, committed 16768K, reserved 1048576K
}
Event: 2015.085 GC heap after
{Heap after GC invocations=196 (full 31):
 garbage-first heap   total reserved 2056192K, committed 171008K, used 58136K [0x0000000082800000, 0x0000000100000000)
  region size 1024K, 9 young (9216K), 9 survivors (9216K)
 Metaspace       used 120957K, committed 122240K, reserved 1179648K
  class space    used 16170K, committed 16768K, reserved 1048576K
}
Event: 2015.093 GC heap before
{Heap before GC invocations=196 (full 31):
 garbage-first heap   total reserved 2056192K, committed 171008K, used 58136K [0x0000000082800000, 0x0000000100000000)
  region size 1024K, 10 young (10240K), 9 survivors (9216K)
 Metaspace       used 120960K, committed 122304K, reserved 1179648K
  class space    used 16170K, committed 16832K, reserved 1048576K
}
Event: 2015.177 GC heap after
{Heap after GC invocations=197 (full 32):
 garbage-first heap   total reserved 2056192K, committed 171008K, used 48886K [0x0000000082800000, 0x0000000100000000)
  region size 1024K, 0 young (0K), 0 survivors (0K)
 Metaspace       used 120957K, committed 122304K, reserved 1179648K
  class space    used 16170K, committed 16832K, reserved 1048576K
}
Event: 2016.377 GC heap before
{Heap before GC invocations=197 (full 32):
 garbage-first heap   total reserved 2056192K, committed 171008K, used 149238K [0x0000000082800000, 0x0000000100000000)
  region size 1024K, 99 young (101376K), 0 survivors (0K)
 Metaspace       used 121468K, committed 122816K, reserved 1179648K
  class space    used 16239K, committed 16896K, reserved 1048576K
}
Event: 2016.384 GC heap after
{Heap after GC invocations=198 (full 32):
 garbage-first heap   total reserved 2056192K, committed 171008K, used 55831K [0x0000000082800000, 0x0000000100000000)
  region size 1024K, 7 young (7168K), 7 survivors (7168K)
 Metaspace       used 121468K, committed 122816K, reserved 1179648K
  class space    used 16239K, committed 16896K, reserved 1048576K
}
Event: 2022.987 GC heap before
{Heap before GC invocations=199 (full 32):
 garbage-first heap   total reserved 2056192K, committed 171008K, used 147991K [0x0000000082800000, 0x0000000100000000)
  region size 1024K, 98 young (100352K), 7 survivors (7168K)
 Metaspace       used 121998K, committed 123328K, reserved 1179648K
  class space    used 16273K, committed 16896K, reserved 1048576K
}
Event: 2023.075 GC heap after
{Heap after GC invocations=200 (full 33):
 garbage-first heap   total reserved 2056192K, committed 171008K, used 49736K [0x0000000082800000, 0x0000000100000000)
  region size 1024K, 0 young (0K), 0 survivors (0K)
 Metaspace       used 121996K, committed 123328K, reserved 1179648K
  class space    used 16273K, committed 16896K, reserved 1048576K
}
Event: 2024.193 GC heap before
{Heap before GC invocations=200 (full 33):
 garbage-first heap   total reserved 2056192K, committed 171008K, used 149064K [0x0000000082800000, 0x0000000100000000)
  region size 1024K, 98 young (100352K), 0 survivors (0K)
 Metaspace       used 122508K, committed 123840K, reserved 1179648K
  class space    used 16342K, committed 16960K, reserved 1048576K
}
Event: 2024.199 GC heap after
{Heap after GC invocations=201 (full 33):
 garbage-first heap   total reserved 2056192K, committed 171008K, used 56397K [0x0000000082800000, 0x0000000100000000)
  region size 1024K, 7 young (7168K), 7 survivors (7168K)
 Metaspace       used 122508K, committed 123840K, reserved 1179648K
  class space    used 16342K, committed 16960K, reserved 1048576K
}
Event: 2029.115 GC heap before
{Heap before GC invocations=202 (full 33):
 garbage-first heap   total reserved 2056192K, committed 171008K, used 147533K [0x0000000082800000, 0x0000000100000000)
  region size 1024K, 97 young (99328K), 7 survivors (7168K)
 Metaspace       used 123021K, committed 124352K, reserved 1179648K
  class space    used 16372K, committed 17024K, reserved 1048576K
}
Event: 2029.239 GC heap after
{Heap after GC invocations=203 (full 34):
 garbage-first heap   total reserved 2056192K, committed 171008K, used 50804K [0x0000000082800000, 0x0000000100000000)
  region size 1024K, 0 young (0K), 0 survivors (0K)
 Metaspace       used 123019K, committed 124352K, reserved 1179648K
  class space    used 16372K, committed 17024K, reserved 1048576K
}
Event: 2030.784 GC heap before
{Heap before GC invocations=203 (full 34):
 garbage-first heap   total reserved 2056192K, committed 171008K, used 149108K [0x0000000082800000, 0x0000000100000000)
  region size 1024K, 97 young (99328K), 0 survivors (0K)
 Metaspace       used 123528K, committed 124864K, reserved 1179648K
  class space    used 16440K, committed 17088K, reserved 1048576K
}
Event: 2030.792 GC heap after
{Heap after GC invocations=204 (full 34):
 garbage-first heap   total reserved 2056192K, committed 171008K, used 56948K [0x0000000082800000, 0x0000000100000000)
  region size 1024K, 6 young (6144K), 6 survivors (6144K)
 Metaspace       used 123528K, committed 124864K, reserved 1179648K
  class space    used 16440K, committed 17088K, reserved 1048576K
}
Event: 2037.845 GC heap before
{Heap before GC invocations=205 (full 34):
 garbage-first heap   total reserved 2056192K, committed 171008K, used 151156K [0x0000000082800000, 0x0000000100000000)
  region size 1024K, 98 young (100352K), 6 survivors (6144K)
 Metaspace       used 124041K, committed 125440K, reserved 1179648K
  class space    used 16470K, committed 17152K, reserved 1048576K
}
Event: 2037.854 GC heap after
{Heap after GC invocations=206 (full 34):
 garbage-first heap   total reserved 2056192K, committed 171008K, used 58996K [0x0000000082800000, 0x0000000100000000)
  region size 1024K, 8 young (8192K), 8 survivors (8192K)
 Metaspace       used 124041K, committed 125440K, reserved 1179648K
  class space    used 16470K, committed 17152K, reserved 1048576K
}
Event: 2037.865 GC heap before
{Heap before GC invocations=206 (full 34):
 garbage-first heap   total reserved 2056192K, committed 171008K, used 58996K [0x0000000082800000, 0x0000000100000000)
  region size 1024K, 9 young (9216K), 8 survivors (8192K)
 Metaspace       used 124043K, committed 125440K, reserved 1179648K
  class space    used 16470K, committed 17152K, reserved 1048576K
}
Event: 2037.977 GC heap after
{Heap after GC invocations=207 (full 35):
 garbage-first heap   total reserved 2056192K, committed 171008K, used 50846K [0x0000000082800000, 0x0000000100000000)
  region size 1024K, 0 young (0K), 0 survivors (0K)
 Metaspace       used 124041K, committed 125440K, reserved 1179648K
  class space    used 16470K, committed 17152K, reserved 1048576K
}
Event: 2039.252 GC heap before
{Heap before GC invocations=207 (full 35):
 garbage-first heap   total reserved 2056192K, committed 171008K, used 149150K [0x0000000082800000, 0x0000000100000000)
  region size 1024K, 97 young (99328K), 0 survivors (0K)
 Metaspace       used 124550K, committed 125952K, reserved 1179648K
  class space    used 16538K, committed 17216K, reserved 1048576K
}

